<?xml version="1.0" encoding="UTF-8"?>
<testsuite name="is.ru.stringcalculator.CalculatorTest" tests="1" skipped="0" failures="0" errors="0" timestamp="2017-10-11T13:23:59" hostname="clients-pool-1.nat.ru.is" time="0.001">
  <properties/>
  <testcase name="testEmptyString" classname="is.ru.stringcalculator.CalculatorTest" time="0.001"/>
  <system-out><![CDATA[]]></system-out>
  <system-err><![CDATA[]]></system-err>
</testsuite>
