<?xml version="1.0" encoding="UTF-8"?>
<testsuite name="is.ru.stringcalculator.CalculatorTest" tests="9" skipped="0" failures="0" errors="0" timestamp="2017-10-13T17:51:51" hostname="Bjarkis-MacBook-Pro.local" time="0.004">
  <properties/>
  <testcase name="testDifferentDelimiter" classname="is.ru.stringcalculator.CalculatorTest" time="0.001"/>
  <testcase name="testBiggerThan1000" classname="is.ru.stringcalculator.CalculatorTest" time="0.0"/>
  <testcase name="testMultipleNumbers" classname="is.ru.stringcalculator.CalculatorTest" time="0.0"/>
  <testcase name="testMultipleNegativeNumbers" classname="is.ru.stringcalculator.CalculatorTest" time="0.0"/>
  <testcase name="testDelimeter" classname="is.ru.stringcalculator.CalculatorTest" time="0.0"/>
  <testcase name="testEmptyString" classname="is.ru.stringcalculator.CalculatorTest" time="0.0"/>
  <testcase name="testNegativeNumber" classname="is.ru.stringcalculator.CalculatorTest" time="0.0"/>
  <testcase name="testTwoNumbers" classname="is.ru.stringcalculator.CalculatorTest" time="0.001"/>
  <testcase name="testOneNumber" classname="is.ru.stringcalculator.CalculatorTest" time="0.0"/>
  <system-out><![CDATA[]]></system-out>
  <system-err><![CDATA[]]></system-err>
</testsuite>
